<?xml version="1.0" encoding="UTF-8"?>
<testsuite name="com.project.commercial.user.controller.UserControllerTest" tests="6" skipped="0" failures="0" errors="0" timestamp="2022-06-14T22:40:24" hostname="Tugce-MacBook-Air.local" time="0.1">
  <properties/>
  <testcase name="testfindUserByEmail()" classname="com.project.commercial.user.controller.UserControllerTest" time="0.02"/>
  <testcase name="testFindAllUsers()" classname="com.project.commercial.user.controller.UserControllerTest" time="0.009"/>
  <testcase name="testUpdateUser()" classname="com.project.commercial.user.controller.UserControllerTest" time="0.013"/>
  <testcase name="testcreateNewUser()" classname="com.project.commercial.user.controller.UserControllerTest" time="0.011"/>
  <testcase name="testFindUserById()" classname="com.project.commercial.user.controller.UserControllerTest" time="0.009"/>
  <testcase name="testDeleteUser()" classname="com.project.commercial.user.controller.UserControllerTest" time="0.024"/>
  <system-out><![CDATA[2022-06-15 01:40:23.196  INFO 4202 --- [    Test worker] .b.t.a.w.s.WebMvcTestContextBootstrapper : Neither @ContextConfiguration nor @ContextHierarchy found for test class [com.project.commercial.user.controller.UserControllerTest], using SpringBootContextLoader
2022-06-15 01:40:23.198  INFO 4202 --- [    Test worker] o.s.t.c.support.AbstractContextLoader    : Could not detect default resource locations for test class [com.project.commercial.user.controller.UserControllerTest]: no resource found for suffixes {-context.xml, Context.groovy}.
2022-06-15 01:40:23.198  INFO 4202 --- [    Test worker] t.c.s.AnnotationConfigContextLoaderUtils : Could not detect default configuration classes for test class [com.project.commercial.user.controller.UserControllerTest]: UserControllerTest does not declare any static, non-private, non-final, nested classes annotated with @Configuration.
2022-06-15 01:40:23.214  INFO 4202 --- [    Test worker] .b.t.c.SpringBootTestContextBootstrapper : Found @SpringBootConfiguration com.project.commercial.CommercialWebsiteProjectApplication for test class com.project.commercial.user.controller.UserControllerTest
2022-06-15 01:40:23.216  INFO 4202 --- [    Test worker] .b.t.a.w.s.WebMvcTestContextBootstrapper : Loaded default TestExecutionListener class names from location [META-INF/spring.factories]: [org.springframework.boot.test.autoconfigure.restdocs.RestDocsTestExecutionListener, org.springframework.boot.test.autoconfigure.web.client.MockRestServiceServerResetTestExecutionListener, org.springframework.boot.test.autoconfigure.web.servlet.MockMvcPrintOnlyOnFailureTestExecutionListener, org.springframework.boot.test.autoconfigure.web.servlet.WebDriverTestExecutionListener, org.springframework.boot.test.autoconfigure.webservices.client.MockWebServiceServerTestExecutionListener, org.springframework.boot.test.mock.mockito.MockitoTestExecutionListener, org.springframework.boot.test.mock.mockito.ResetMocksTestExecutionListener, org.springframework.test.context.web.ServletTestExecutionListener, org.springframework.test.context.support.DirtiesContextBeforeModesTestExecutionListener, org.springframework.test.context.event.ApplicationEventsTestExecutionListener, org.springframework.test.context.support.DependencyInjectionTestExecutionListener, org.springframework.test.context.support.DirtiesContextTestExecutionListener, org.springframework.test.context.transaction.TransactionalTestExecutionListener, org.springframework.test.context.jdbc.SqlScriptsTestExecutionListener, org.springframework.test.context.event.EventPublishingTestExecutionListener]
2022-06-15 01:40:23.229  INFO 4202 --- [    Test worker] .b.t.a.w.s.WebMvcTestContextBootstrapper : Using TestExecutionListeners: [org.springframework.test.context.web.ServletTestExecutionListener@69f24965, org.springframework.test.context.support.DirtiesContextBeforeModesTestExecutionListener@4eab9aec, org.springframework.test.context.event.ApplicationEventsTestExecutionListener@5a45c218, org.springframework.boot.test.mock.mockito.MockitoTestExecutionListener@2c6efee3, org.springframework.boot.test.autoconfigure.SpringBootDependencyInjectionTestExecutionListener@57ac236a, org.springframework.test.context.support.DirtiesContextTestExecutionListener@4542af89, org.springframework.test.context.transaction.TransactionalTestExecutionListener@3163e03b, org.springframework.test.context.jdbc.SqlScriptsTestExecutionListener@6aa18912, org.springframework.test.context.event.EventPublishingTestExecutionListener@5c20505f, org.springframework.boot.test.autoconfigure.restdocs.RestDocsTestExecutionListener@cce92b5, org.springframework.boot.test.autoconfigure.web.client.MockRestServiceServerResetTestExecutionListener@2202c92f, org.springframework.boot.test.autoconfigure.web.servlet.MockMvcPrintOnlyOnFailureTestExecutionListener@440d2d64, org.springframework.boot.test.autoconfigure.web.servlet.WebDriverTestExecutionListener@1a712f12, org.springframework.boot.test.autoconfigure.webservices.client.MockWebServiceServerTestExecutionListener@62525dd3, org.springframework.boot.test.mock.mockito.ResetMocksTestExecutionListener@56adbb07]

  .   ____          _            __ _ _
 /\\ / ___'_ __ _ _(_)_ __  __ _ \ \ \ \
( ( )\___ | '_ | '_| | '_ \/ _` | \ \ \ \
 \\/  ___)| |_)| | | | | || (_| |  ) ) ) )
  '  |____| .__|_| |_|_| |_\__, | / / / /
 =========|_|==============|___/=/_/_/_/
 :: Spring Boot ::                (v2.7.0)

2022-06-15 01:40:23.293  INFO 4202 --- [    Test worker] c.p.c.u.controller.UserControllerTest    : Starting UserControllerTest using Java 17.0.2 on Tugce-MacBook-Air.local with PID 4202 (started by tugcefatih in /Users/tugcefatih/Documents/workspace-spring-tool-suite-4-4.14.1.RELEASE/CommercialWebsiteProject)
2022-06-15 01:40:23.293  INFO 4202 --- [    Test worker] c.p.c.u.controller.UserControllerTest    : No active profile set, falling back to 1 default profile: "default"
2022-06-15 01:40:24.177  INFO 4202 --- [    Test worker] o.s.b.t.m.w.SpringBootMockServletContext : Initializing Spring TestDispatcherServlet ''
2022-06-15 01:40:24.178  INFO 4202 --- [    Test worker] o.s.t.web.servlet.TestDispatcherServlet  : Initializing Servlet ''
2022-06-15 01:40:24.179  INFO 4202 --- [    Test worker] o.s.t.web.servlet.TestDispatcherServlet  : Completed initialization in 1 ms
2022-06-15 01:40:24.198  INFO 4202 --- [    Test worker] c.p.c.u.controller.UserControllerTest    : Started UserControllerTest in 0.965 seconds (JVM running for 21.161)
]]></system-out>
  <system-err><![CDATA[]]></system-err>
</testsuite>
