<?xml version="1.0" encoding="UTF-8"?>
<testsuite name="com.project.commercial.service.order.OrderServiceTest" tests="2" skipped="0" failures="0" errors="0" timestamp="2022-06-14T22:40:23" hostname="Tugce-MacBook-Air.local" time="0.009">
  <properties/>
  <testcase name="testCreateOrder()" classname="com.project.commercial.service.order.OrderServiceTest" time="0.003"/>
  <testcase name="testFindOrderById()" classname="com.project.commercial.service.order.OrderServiceTest" time="0.005"/>
  <system-out><![CDATA[Orderservice worked 
Orderservice worked 
]]></system-out>
  <system-err><![CDATA[]]></system-err>
</testsuite>
