<?xml version="1.0" encoding="UTF-8"?>
<testsuite name="com.project.commercial.controller.basket.BasketControllerTest" tests="6" skipped="0" failures="0" errors="0" timestamp="2022-06-14T22:40:19" hostname="Tugce-MacBook-Air.local" time="0.481">
  <properties/>
  <testcase name="testaddProduct()" classname="com.project.commercial.controller.basket.BasketControllerTest" time="0.305"/>
  <testcase name="testupdateProduct()" classname="com.project.commercial.controller.basket.BasketControllerTest" time="0.013"/>
  <testcase name="testfindBasketById()" classname="com.project.commercial.controller.basket.BasketControllerTest" time="0.07"/>
  <testcase name="testdeleteBasket()" classname="com.project.commercial.controller.basket.BasketControllerTest" time="0.015"/>
  <testcase name="testdeleteProduct()" classname="com.project.commercial.controller.basket.BasketControllerTest" time="0.037"/>
  <testcase name="testfindAllOrders()" classname="com.project.commercial.controller.basket.BasketControllerTest" time="0.016"/>
  <system-out><![CDATA[2022-06-15 01:40:17.728  INFO 4202 --- [    Test worker] .b.t.a.w.s.WebMvcTestContextBootstrapper : Neither @ContextConfiguration nor @ContextHierarchy found for test class [com.project.commercial.controller.basket.BasketControllerTest], using SpringBootContextLoader
2022-06-15 01:40:17.731  INFO 4202 --- [    Test worker] o.s.t.c.support.AbstractContextLoader    : Could not detect default resource locations for test class [com.project.commercial.controller.basket.BasketControllerTest]: no resource found for suffixes {-context.xml, Context.groovy}.
2022-06-15 01:40:17.732  INFO 4202 --- [    Test worker] t.c.s.AnnotationConfigContextLoaderUtils : Could not detect default configuration classes for test class [com.project.commercial.controller.basket.BasketControllerTest]: BasketControllerTest does not declare any static, non-private, non-final, nested classes annotated with @Configuration.
2022-06-15 01:40:17.799  INFO 4202 --- [    Test worker] .b.t.c.SpringBootTestContextBootstrapper : Found @SpringBootConfiguration com.project.commercial.CommercialWebsiteProjectApplication for test class com.project.commercial.controller.basket.BasketControllerTest
2022-06-15 01:40:17.804  INFO 4202 --- [    Test worker] .b.t.a.w.s.WebMvcTestContextBootstrapper : Loaded default TestExecutionListener class names from location [META-INF/spring.factories]: [org.springframework.boot.test.autoconfigure.restdocs.RestDocsTestExecutionListener, org.springframework.boot.test.autoconfigure.web.client.MockRestServiceServerResetTestExecutionListener, org.springframework.boot.test.autoconfigure.web.servlet.MockMvcPrintOnlyOnFailureTestExecutionListener, org.springframework.boot.test.autoconfigure.web.servlet.WebDriverTestExecutionListener, org.springframework.boot.test.autoconfigure.webservices.client.MockWebServiceServerTestExecutionListener, org.springframework.boot.test.mock.mockito.MockitoTestExecutionListener, org.springframework.boot.test.mock.mockito.ResetMocksTestExecutionListener, org.springframework.test.context.web.ServletTestExecutionListener, org.springframework.test.context.support.DirtiesContextBeforeModesTestExecutionListener, org.springframework.test.context.event.ApplicationEventsTestExecutionListener, org.springframework.test.context.support.DependencyInjectionTestExecutionListener, org.springframework.test.context.support.DirtiesContextTestExecutionListener, org.springframework.test.context.transaction.TransactionalTestExecutionListener, org.springframework.test.context.jdbc.SqlScriptsTestExecutionListener, org.springframework.test.context.event.EventPublishingTestExecutionListener]
2022-06-15 01:40:17.808  INFO 4202 --- [    Test worker] .b.t.a.w.s.WebMvcTestContextBootstrapper : Using TestExecutionListeners: [org.springframework.test.context.web.ServletTestExecutionListener@388e4c25, org.springframework.test.context.support.DirtiesContextBeforeModesTestExecutionListener@12532e37, org.springframework.test.context.event.ApplicationEventsTestExecutionListener@401b67a9, org.springframework.boot.test.mock.mockito.MockitoTestExecutionListener@4e3ee457, org.springframework.boot.test.autoconfigure.SpringBootDependencyInjectionTestExecutionListener@41b66d1, org.springframework.test.context.support.DirtiesContextTestExecutionListener@fb2c2f3, org.springframework.test.context.transaction.TransactionalTestExecutionListener@148fca83, org.springframework.test.context.jdbc.SqlScriptsTestExecutionListener@2d2a8819, org.springframework.test.context.event.EventPublishingTestExecutionListener@72585e83, org.springframework.boot.test.autoconfigure.restdocs.RestDocsTestExecutionListener@6b64bf61, org.springframework.boot.test.autoconfigure.web.client.MockRestServiceServerResetTestExecutionListener@1d5bb5c, org.springframework.boot.test.autoconfigure.web.servlet.MockMvcPrintOnlyOnFailureTestExecutionListener@7846913f, org.springframework.boot.test.autoconfigure.web.servlet.WebDriverTestExecutionListener@48da64f2, org.springframework.boot.test.autoconfigure.webservices.client.MockWebServiceServerTestExecutionListener@60b553f, org.springframework.boot.test.mock.mockito.ResetMocksTestExecutionListener@2aa811f9]

  .   ____          _            __ _ _
 /\\ / ___'_ __ _ _(_)_ __  __ _ \ \ \ \
( ( )\___ | '_ | '_| | '_ \/ _` | \ \ \ \
 \\/  ___)| |_)| | | | | || (_| |  ) ) ) )
  '  |____| .__|_| |_|_| |_\__, | / / / /
 =========|_|==============|___/=/_/_/_/
 :: Spring Boot ::                (v2.7.0)

2022-06-15 01:40:17.965  INFO 4202 --- [    Test worker] c.p.c.c.basket.BasketControllerTest      : Starting BasketControllerTest using Java 17.0.2 on Tugce-MacBook-Air.local with PID 4202 (started by tugcefatih in /Users/tugcefatih/Documents/workspace-spring-tool-suite-4-4.14.1.RELEASE/CommercialWebsiteProject)
2022-06-15 01:40:17.966  INFO 4202 --- [    Test worker] c.p.c.c.basket.BasketControllerTest      : No active profile set, falling back to 1 default profile: "default"
2022-06-15 01:40:19.842  INFO 4202 --- [    Test worker] o.s.b.t.m.w.SpringBootMockServletContext : Initializing Spring TestDispatcherServlet ''
2022-06-15 01:40:19.842  INFO 4202 --- [    Test worker] o.s.t.web.servlet.TestDispatcherServlet  : Initializing Servlet ''
2022-06-15 01:40:19.844  INFO 4202 --- [    Test worker] o.s.t.web.servlet.TestDispatcherServlet  : Completed initialization in 1 ms
2022-06-15 01:40:19.876  INFO 4202 --- [    Test worker] c.p.c.c.basket.BasketControllerTest      : Started BasketControllerTest in 2.038 seconds (JVM running for 16.839)
]]></system-out>
  <system-err><![CDATA[]]></system-err>
</testsuite>
