<?xml version="1.0" encoding="UTF-8"?>
<testsuite name="com.project.commercial.product.controller.ProductControllerTest" tests="1" skipped="0" failures="0" errors="0" timestamp="2022-06-14T22:40:22" hostname="Tugce-MacBook-Air.local" time="0.013">
  <properties/>
  <testcase name="testfindAllProducts()" classname="com.project.commercial.product.controller.ProductControllerTest" time="0.013"/>
  <system-out><![CDATA[2022-06-15 01:40:22.088  INFO 4202 --- [    Test worker] .b.t.a.w.s.WebMvcTestContextBootstrapper : Neither @ContextConfiguration nor @ContextHierarchy found for test class [com.project.commercial.product.controller.ProductControllerTest], using SpringBootContextLoader
2022-06-15 01:40:22.089  INFO 4202 --- [    Test worker] o.s.t.c.support.AbstractContextLoader    : Could not detect default resource locations for test class [com.project.commercial.product.controller.ProductControllerTest]: no resource found for suffixes {-context.xml, Context.groovy}.
2022-06-15 01:40:22.090  INFO 4202 --- [    Test worker] t.c.s.AnnotationConfigContextLoaderUtils : Could not detect default configuration classes for test class [com.project.commercial.product.controller.ProductControllerTest]: ProductControllerTest does not declare any static, non-private, non-final, nested classes annotated with @Configuration.
2022-06-15 01:40:22.104  INFO 4202 --- [    Test worker] .b.t.c.SpringBootTestContextBootstrapper : Found @SpringBootConfiguration com.project.commercial.CommercialWebsiteProjectApplication for test class com.project.commercial.product.controller.ProductControllerTest
2022-06-15 01:40:22.106  INFO 4202 --- [    Test worker] .b.t.a.w.s.WebMvcTestContextBootstrapper : Loaded default TestExecutionListener class names from location [META-INF/spring.factories]: [org.springframework.boot.test.autoconfigure.restdocs.RestDocsTestExecutionListener, org.springframework.boot.test.autoconfigure.web.client.MockRestServiceServerResetTestExecutionListener, org.springframework.boot.test.autoconfigure.web.servlet.MockMvcPrintOnlyOnFailureTestExecutionListener, org.springframework.boot.test.autoconfigure.web.servlet.WebDriverTestExecutionListener, org.springframework.boot.test.autoconfigure.webservices.client.MockWebServiceServerTestExecutionListener, org.springframework.boot.test.mock.mockito.MockitoTestExecutionListener, org.springframework.boot.test.mock.mockito.ResetMocksTestExecutionListener, org.springframework.test.context.web.ServletTestExecutionListener, org.springframework.test.context.support.DirtiesContextBeforeModesTestExecutionListener, org.springframework.test.context.event.ApplicationEventsTestExecutionListener, org.springframework.test.context.support.DependencyInjectionTestExecutionListener, org.springframework.test.context.support.DirtiesContextTestExecutionListener, org.springframework.test.context.transaction.TransactionalTestExecutionListener, org.springframework.test.context.jdbc.SqlScriptsTestExecutionListener, org.springframework.test.context.event.EventPublishingTestExecutionListener]
2022-06-15 01:40:22.108  INFO 4202 --- [    Test worker] .b.t.a.w.s.WebMvcTestContextBootstrapper : Using TestExecutionListeners: [org.springframework.test.context.web.ServletTestExecutionListener@63846fa4, org.springframework.test.context.support.DirtiesContextBeforeModesTestExecutionListener@206b959c, org.springframework.test.context.event.ApplicationEventsTestExecutionListener@74026b18, org.springframework.boot.test.mock.mockito.MockitoTestExecutionListener@1cc81ea1, org.springframework.boot.test.autoconfigure.SpringBootDependencyInjectionTestExecutionListener@5cf1bbd3, org.springframework.test.context.support.DirtiesContextTestExecutionListener@204a02a4, org.springframework.test.context.transaction.TransactionalTestExecutionListener@4777f71e, org.springframework.test.context.jdbc.SqlScriptsTestExecutionListener@1b96d447, org.springframework.test.context.event.EventPublishingTestExecutionListener@4a68cbc5, org.springframework.boot.test.autoconfigure.restdocs.RestDocsTestExecutionListener@3a47bf0e, org.springframework.boot.test.autoconfigure.web.client.MockRestServiceServerResetTestExecutionListener@4270705f, org.springframework.boot.test.autoconfigure.web.servlet.MockMvcPrintOnlyOnFailureTestExecutionListener@6f69b0ba, org.springframework.boot.test.autoconfigure.web.servlet.WebDriverTestExecutionListener@63537871, org.springframework.boot.test.autoconfigure.webservices.client.MockWebServiceServerTestExecutionListener@64eb14da, org.springframework.boot.test.mock.mockito.ResetMocksTestExecutionListener@25587290]

  .   ____          _            __ _ _
 /\\ / ___'_ __ _ _(_)_ __  __ _ \ \ \ \
( ( )\___ | '_ | '_| | '_ \/ _` | \ \ \ \
 \\/  ___)| |_)| | | | | || (_| |  ) ) ) )
  '  |____| .__|_| |_|_| |_\__, | / / / /
 =========|_|==============|___/=/_/_/_/
 :: Spring Boot ::                (v2.7.0)

2022-06-15 01:40:22.175  INFO 4202 --- [    Test worker] c.p.c.p.c.ProductControllerTest          : Starting ProductControllerTest using Java 17.0.2 on Tugce-MacBook-Air.local with PID 4202 (started by tugcefatih in /Users/tugcefatih/Documents/workspace-spring-tool-suite-4-4.14.1.RELEASE/CommercialWebsiteProject)
2022-06-15 01:40:22.175  INFO 4202 --- [    Test worker] c.p.c.p.c.ProductControllerTest          : No active profile set, falling back to 1 default profile: "default"
2022-06-15 01:40:22.968  INFO 4202 --- [    Test worker] o.s.b.t.m.w.SpringBootMockServletContext : Initializing Spring TestDispatcherServlet ''
2022-06-15 01:40:22.968  INFO 4202 --- [    Test worker] o.s.t.web.servlet.TestDispatcherServlet  : Initializing Servlet ''
2022-06-15 01:40:22.971  INFO 4202 --- [    Test worker] o.s.t.web.servlet.TestDispatcherServlet  : Completed initialization in 3 ms
2022-06-15 01:40:22.991  INFO 4202 --- [    Test worker] c.p.c.p.c.ProductControllerTest          : Started ProductControllerTest in 0.879 seconds (JVM running for 19.953)
]]></system-out>
  <system-err><![CDATA[]]></system-err>
</testsuite>
