<?xml version="1.0" encoding="UTF-8"?>
<testsuite name="com.project.commercial.service.basket.BasketServiceTest" tests="4" skipped="0" failures="0" errors="0" timestamp="2022-06-14T22:40:23" hostname="Tugce-MacBook-Air.local" time="0.035">
  <properties/>
  <testcase name="testUpdateOrder()" classname="com.project.commercial.service.basket.BasketServiceTest" time="0.006"/>
  <testcase name="testCreateProduct()" classname="com.project.commercial.service.basket.BasketServiceTest" time="0.005"/>
  <testcase name="testDeleteProduct()" classname="com.project.commercial.service.basket.BasketServiceTest" time="0.017"/>
  <testcase name="testFindOrderById()" classname="com.project.commercial.service.basket.BasketServiceTest" time="0.003"/>
  <system-out><![CDATA[Orderservice worked 
Orderservice worked 
Orderservice worked 
Orderservice worked 
]]></system-out>
  <system-err><![CDATA[]]></system-err>
</testsuite>
