<?xml version="1.0" encoding="UTF-8"?>
<testsuite name="com.project.commercial.repository.productDao.ProductDaoTest" tests="1" skipped="0" failures="0" errors="0" timestamp="2022-06-14T22:40:23" hostname="Tugce-MacBook-Air.local" time="0.002">
  <properties/>
  <testcase name="testFindAll()" classname="com.project.commercial.repository.productDao.ProductDaoTest" time="0.002"/>
  <system-out><![CDATA[]]></system-out>
  <system-err><![CDATA[]]></system-err>
</testsuite>
